<?xml version="1.0" encoding="UTF-8"?>
<coverage generated="1772383986513" clover="3.2.0">
  <project timestamp="1772383986514" name="All files">
    <metrics statements="38" coveredstatements="38" conditionals="24" coveredconditionals="22" methods="6" coveredmethods="6" elements="68" coveredelements="66" complexity="0" loc="38" ncloc="38" packages="1" files="1" classes="1"/>
    <file name="geminiService.ts" path="/app/services/geminiService.ts">
      <metrics statements="38" coveredstatements="38" conditionals="24" coveredconditionals="22" methods="6" coveredmethods="6"/>
      <line num="8" count="1" type="stmt"/>
      <line num="9" count="12" type="stmt"/>
      <line num="12" count="12" type="stmt"/>
      <line num="17" count="1" type="stmt"/>
      <line num="22" count="13" type="stmt"/>
      <line num="23" count="13" type="cond" truecount="2" falsecount="0"/>
      <line num="24" count="1" type="stmt"/>
      <line num="27" count="12" type="stmt"/>
      <line num="29" count="12" type="stmt"/>
      <line num="31" count="12" type="stmt"/>
      <line num="32" count="12" type="cond" truecount="1" falsecount="1"/>
      <line num="33" count="13" type="stmt"/>
      <line num="38" count="13" type="stmt"/>
      <line num="40" count="13" type="stmt"/>
      <line num="52" count="13" type="cond" truecount="2" falsecount="0"/>
      <line num="56" count="13" type="stmt"/>
      <line num="58" count="13" type="stmt"/>
      <line num="82" count="10" type="cond" truecount="4" falsecount="0"/>
      <line num="83" count="1" type="stmt"/>
      <line num="86" count="9" type="stmt"/>
      <line num="88" count="9" type="cond" truecount="4" falsecount="0"/>
      <line num="89" count="2" type="stmt"/>
      <line num="90" count="2" type="cond" truecount="2" falsecount="0"/>
      <line num="91" count="1" type="stmt"/>
      <line num="93" count="1" type="stmt"/>
      <line num="96" count="7" type="stmt"/>
      <line num="98" count="13" type="cond" truecount="2" falsecount="0"/>
      <line num="99" count="1" type="stmt"/>
      <line num="102" count="6" type="stmt"/>
      <line num="103" count="6" type="cond" truecount="4" falsecount="0"/>
      <line num="104" count="5" type="stmt"/>
      <line num="108" count="1" type="stmt"/>
      <line num="111" count="7" type="stmt"/>
      <line num="112" count="7" type="cond" truecount="1" falsecount="1"/>
      <line num="113" count="7" type="stmt"/>
      <line num="120" count="1" type="stmt"/>
      <line num="126" count="2" type="stmt"/>
      <line num="127" count="1" type="stmt"/>
    </file>
  </project>
</coverage>
