{"/app/services/geminiService.ts": {"path":"/app/services/geminiService.ts","statementMap":{"0":{"start":{"line":8,"column":20},"end":{"line":15,"column":null}},"1":{"start":{"line":9,"column":2},"end":{"line":14,"column":null}},"2":{"start":{"line":12,"column":6},"end":{"line":12,"column":null}},"3":{"start":{"line":12,"column":23},"end":{"line":12,"column":51}},"4":{"start":{"line":17,"column":31},"end":{"line":115,"column":null}},"5":{"start":{"line":22,"column":17},"end":{"line":22,"column":null}},"6":{"start":{"line":23,"column":2},"end":{"line":25,"column":null}},"7":{"start":{"line":24,"column":4},"end":{"line":24,"column":null}},"8":{"start":{"line":27,"column":13},"end":{"line":27,"column":null}},"9":{"start":{"line":29,"column":2},"end":{"line":114,"column":null}},"10":{"start":{"line":31,"column":22},"end":{"line":31,"column":null}},"11":{"start":{"line":32,"column":21},"end":{"line":32,"column":null}},"12":{"start":{"line":33,"column":23},"end":{"line":33,"column":null}},"13":{"start":{"line":38,"column":29},"end":{"line":38,"column":null}},"14":{"start":{"line":40,"column":23},"end":{"line":42,"column":null}},"15":{"start":{"line":52,"column":29},"end":{"line":54,"column":null}},"16":{"start":{"line":56,"column":24},"end":{"line":56,"column":null}},"17":{"start":{"line":58,"column":46},"end":{"line":80,"column":null}},"18":{"start":{"line":82,"column":4},"end":{"line":84,"column":null}},"19":{"start":{"line":83,"column":6},"end":{"line":83,"column":null}},"20":{"start":{"line":86,"column":22},"end":{"line":86,"column":null}},"21":{"start":{"line":88,"column":4},"end":{"line":94,"column":null}},"22":{"start":{"line":89,"column":6},"end":{"line":89,"column":null}},"23":{"start":{"line":90,"column":6},"end":{"line":92,"column":null}},"24":{"start":{"line":91,"column":8},"end":{"line":91,"column":null}},"25":{"start":{"line":93,"column":6},"end":{"line":93,"column":null}},"26":{"start":{"line":96,"column":18},"end":{"line":96,"column":null}},"27":{"start":{"line":98,"column":4},"end":{"line":100,"column":null}},"28":{"start":{"line":99,"column":6},"end":{"line":99,"column":null}},"29":{"start":{"line":102,"column":4},"end":{"line":106,"column":null}},"30":{"start":{"line":103,"column":6},"end":{"line":105,"column":null}},"31":{"start":{"line":104,"column":8},"end":{"line":104,"column":null}},"32":{"start":{"line":108,"column":4},"end":{"line":108,"column":null}},"33":{"start":{"line":111,"column":4},"end":{"line":111,"column":null}},"34":{"start":{"line":112,"column":16},"end":{"line":112,"column":null}},"35":{"start":{"line":113,"column":4},"end":{"line":113,"column":null}},"36":{"start":{"line":120,"column":34},"end":{"line":128,"column":null}},"37":{"start":{"line":126,"column":19},"end":{"line":126,"column":null}},"38":{"start":{"line":126,"column":39},"end":{"line":126,"column":83}},"39":{"start":{"line":127,"column":2},"end":{"line":127,"column":null}}},"fnMap":{"0":{"name":"(anonymous_0)","decl":{"start":{"line":8,"column":20},"end":{"line":8,"column":24}},"loc":{"start":{"line":8,"column":89},"end":{"line":15,"column":null}},"line":8},"1":{"name":"(anonymous_1)","decl":{"start":{"line":11,"column":19},"end":{"line":11,"column":20}},"loc":{"start":{"line":12,"column":6},"end":{"line":12,"column":null}},"line":12},"2":{"name":"(anonymous_2)","decl":{"start":{"line":12,"column":17},"end":{"line":12,"column":23}},"loc":{"start":{"line":12,"column":23},"end":{"line":12,"column":51}},"line":12},"3":{"name":"(anonymous_3)","decl":{"start":{"line":17,"column":31},"end":{"line":17,"column":null}},"loc":{"start":{"line":21,"column":22},"end":{"line":115,"column":null}},"line":21},"4":{"name":"(anonymous_4)","decl":{"start":{"line":120,"column":34},"end":{"line":120,"column":null}},"loc":{"start":{"line":124,"column":24},"end":{"line":128,"column":null}},"line":124},"5":{"name":"(anonymous_5)","decl":{"start":{"line":126,"column":34},"end":{"line":126,"column":39}},"loc":{"start":{"line":126,"column":39},"end":{"line":126,"column":83}},"line":126}},"branchMap":{"0":{"loc":{"start":{"line":23,"column":2},"end":{"line":25,"column":null}},"type":"if","locations":[{"start":{"line":23,"column":2},"end":{"line":25,"column":null}},{"start":{},"end":{}}],"line":23},"1":{"loc":{"start":{"line":32,"column":21},"end":{"line":32,"column":null}},"type":"cond-expr","locations":[{"start":{"line":32,"column":33},"end":{"line":32,"column":48}},{"start":{"line":32,"column":48},"end":{"line":32,"column":null}}],"line":32},"2":{"loc":{"start":{"line":52,"column":29},"end":{"line":54,"column":null}},"type":"cond-expr","locations":[{"start":{"line":53,"column":8},"end":{"line":53,"column":null}},{"start":{"line":54,"column":8},"end":{"line":54,"column":null}}],"line":52},"3":{"loc":{"start":{"line":82,"column":4},"end":{"line":84,"column":null}},"type":"if","locations":[{"start":{"line":82,"column":4},"end":{"line":84,"column":null}},{"start":{},"end":{}}],"line":82},"4":{"loc":{"start":{"line":82,"column":8},"end":{"line":82,"column":66}},"type":"binary-expr","locations":[{"start":{"line":82,"column":8},"end":{"line":82,"column":32}},{"start":{"line":82,"column":32},"end":{"line":82,"column":66}}],"line":82},"5":{"loc":{"start":{"line":88,"column":4},"end":{"line":94,"column":null}},"type":"if","locations":[{"start":{"line":88,"column":4},"end":{"line":94,"column":null}},{"start":{},"end":{}}],"line":88},"6":{"loc":{"start":{"line":88,"column":8},"end":{"line":88,"column":69}},"type":"binary-expr","locations":[{"start":{"line":88,"column":8},"end":{"line":88,"column":34}},{"start":{"line":88,"column":34},"end":{"line":88,"column":69}}],"line":88},"7":{"loc":{"start":{"line":90,"column":6},"end":{"line":92,"column":null}},"type":"if","locations":[{"start":{"line":90,"column":6},"end":{"line":92,"column":null}},{"start":{},"end":{}}],"line":90},"8":{"loc":{"start":{"line":98,"column":4},"end":{"line":100,"column":null}},"type":"if","locations":[{"start":{"line":98,"column":4},"end":{"line":100,"column":null}},{"start":{},"end":{}}],"line":98},"9":{"loc":{"start":{"line":103,"column":6},"end":{"line":105,"column":null}},"type":"if","locations":[{"start":{"line":103,"column":6},"end":{"line":105,"column":null}},{"start":{},"end":{}}],"line":103},"10":{"loc":{"start":{"line":103,"column":10},"end":{"line":103,"column":51}},"type":"binary-expr","locations":[{"start":{"line":103,"column":10},"end":{"line":103,"column":29}},{"start":{"line":103,"column":29},"end":{"line":103,"column":51}}],"line":103},"11":{"loc":{"start":{"line":112,"column":16},"end":{"line":112,"column":null}},"type":"binary-expr","locations":[{"start":{"line":112,"column":16},"end":{"line":112,"column":33}},{"start":{"line":112,"column":33},"end":{"line":112,"column":null}}],"line":112}},"s":{"0":1,"1":12,"2":12,"3":1,"4":1,"5":13,"6":13,"7":1,"8":12,"9":12,"10":12,"11":12,"12":13,"13":13,"14":13,"15":13,"16":13,"17":13,"18":10,"19":1,"20":9,"21":9,"22":2,"23":2,"24":1,"25":1,"26":7,"27":13,"28":1,"29":6,"30":6,"31":5,"32":1,"33":7,"34":7,"35":7,"36":1,"37":1,"38":2,"39":1},"f":{"0":12,"1":12,"2":1,"3":13,"4":1,"5":2},"b":{"0":[1,12],"1":[12,0],"2":[3,9],"3":[1,9],"4":[10,10],"5":[2,7],"6":[9,9],"7":[1,1],"8":[1,12],"9":[5,1],"10":[6,5],"11":[7,0]},"meta":{"lastBranch":12,"lastFunction":6,"lastStatement":40,"seen":{"s:8:20:15:Infinity":0,"f:8:20:8:24":0,"s:9:2:14:Infinity":1,"f:11:19:11:20":1,"s:12:6:12:Infinity":2,"f:12:17:12:23":2,"s:12:23:12:51":3,"s:17:31:115:Infinity":4,"f:17:31:17:Infinity":3,"s:22:17:22:Infinity":5,"b:23:2:25:Infinity:undefined:undefined:undefined:undefined":0,"s:23:2:25:Infinity":6,"s:24:4:24:Infinity":7,"s:27:13:27:Infinity":8,"s:29:2:114:Infinity":9,"s:31:22:31:Infinity":10,"s:32:21:32:Infinity":11,"b:32:33:32:48:32:48:32:Infinity":1,"s:33:23:33:Infinity":12,"s:38:29:38:Infinity":13,"s:40:23:42:Infinity":14,"s:52:29:54:Infinity":15,"b:53:8:53:Infinity:54:8:54:Infinity":2,"s:56:24:56:Infinity":16,"s:58:46:80:Infinity":17,"b:82:4:84:Infinity:undefined:undefined:undefined:undefined":3,"s:82:4:84:Infinity":18,"b:82:8:82:32:82:32:82:66":4,"s:83:6:83:Infinity":19,"s:86:22:86:Infinity":20,"b:88:4:94:Infinity:undefined:undefined:undefined:undefined":5,"s:88:4:94:Infinity":21,"b:88:8:88:34:88:34:88:69":6,"s:89:6:89:Infinity":22,"b:90:6:92:Infinity:undefined:undefined:undefined:undefined":7,"s:90:6:92:Infinity":23,"s:91:8:91:Infinity":24,"s:93:6:93:Infinity":25,"s:96:18:96:Infinity":26,"b:98:4:100:Infinity:undefined:undefined:undefined:undefined":8,"s:98:4:100:Infinity":27,"s:99:6:99:Infinity":28,"s:102:4:106:Infinity":29,"b:103:6:105:Infinity:undefined:undefined:undefined:undefined":9,"s:103:6:105:Infinity":30,"b:103:10:103:29:103:29:103:51":10,"s:104:8:104:Infinity":31,"s:108:4:108:Infinity":32,"s:111:4:111:Infinity":33,"s:112:16:112:Infinity":34,"b:112:16:112:33:112:33:112:Infinity":11,"s:113:4:113:Infinity":35,"s:120:34:128:Infinity":36,"f:120:34:120:Infinity":4,"s:126:19:126:Infinity":37,"f:126:34:126:39":5,"s:126:39:126:83":38,"s:127:2:127:Infinity":39}}}
}
